[09-29 18:52:24] [info] config at /opt/lampp/htdocs/weprep {"remotePath":"/","uploadOnSave":true,"downloadOnOpen":false,"ignore":[],"concurrency":4,"protocol":"ftp","connectTimeout":10000,"interactiveAuth":false,"secure":false,"remoteTimeOffsetInHours":0,"name":"localhost","host":"104.156.59.17","port":21,"username":"******","password":"******"}
[09-29 18:56:36] [info] [file-save] /opt/lampp/htdocs/weprep/core/views/reports.view.php
[09-29 18:56:39] [info] local ➞ remote /opt/lampp/htdocs/weprep/core/views/reports.view.php
[09-29 18:57:15] [info] [file-save] /opt/lampp/htdocs/weprep/core/controllers/reports.controller.php
[09-29 18:57:17] [info] local ➞ remote /opt/lampp/htdocs/weprep/core/controllers/reports.controller.php
[09-29 18:57:21] [info] [file-save] /opt/lampp/htdocs/weprep/core/controllers/reports.controller.php
[09-29 18:57:23] [info] [file-save] /opt/lampp/htdocs/weprep/core/controllers/reports.controller.php
[09-29 18:57:24] [info] [file-save] /opt/lampp/htdocs/weprep/core/controllers/reports.controller.php
[09-29 18:57:25] [info] local ➞ remote /opt/lampp/htdocs/weprep/core/controllers/reports.controller.php
[09-29 18:57:25] [info] local ➞ remote /opt/lampp/htdocs/weprep/core/controllers/reports.controller.php
[09-29 18:58:15] [info] [file-save] /opt/lampp/htdocs/weprep/core/controllers/reports.controller.php
[09-29 18:58:18] [info] local ➞ remote /opt/lampp/htdocs/weprep/core/controllers/reports.controller.php
[09-29 18:59:36] [info] [file-save] /opt/lampp/htdocs/weprep/lang/spanish.php
[09-29 18:59:40] [info] local ➞ remote /opt/lampp/htdocs/weprep/lang/spanish.php
[09-29 18:59:50] [info] [file-save] /opt/lampp/htdocs/weprep/core/views/reports.view.php
[09-29 18:59:51] [info] local ➞ remote /opt/lampp/htdocs/weprep/core/views/reports.view.php
[09-29 19:01:28] [info] [file-save] /opt/lampp/htdocs/weprep/css/reports.css
[09-29 19:01:30] [info] local ➞ remote /opt/lampp/htdocs/weprep/css/reports.css
[09-29 19:02:41] [info] [file-save] /opt/lampp/htdocs/weprep/core/views/reports.view.php
[09-29 19:02:42] [info] local ➞ remote /opt/lampp/htdocs/weprep/core/views/reports.view.php
[09-29 19:03:05] [info] [file-save] /opt/lampp/htdocs/weprep/core/views/reports.view.php
[09-29 19:03:06] [info] local ➞ remote /opt/lampp/htdocs/weprep/core/views/reports.view.php
[09-29 19:22:53] [info] [file-save] /opt/lampp/htdocs/weprep/core/views/reports.view.php
[09-29 19:22:58] [info] local ➞ remote /opt/lampp/htdocs/weprep/core/views/reports.view.php
[09-29 19:23:15] [info] [file-save] /opt/lampp/htdocs/weprep/core/views/reports.view.php
[09-29 19:23:18] [info] local ➞ remote /opt/lampp/htdocs/weprep/core/views/reports.view.php
[09-29 19:23:22] [info] [file-save] /opt/lampp/htdocs/weprep/core/views/reports.view.php
[09-29 19:23:24] [info] local ➞ remote /opt/lampp/htdocs/weprep/core/views/reports.view.php
[09-29 19:24:42] [info] [file-save] /opt/lampp/htdocs/weprep/core/views/reports.view.php
[09-29 19:24:45] [info] local ➞ remote /opt/lampp/htdocs/weprep/core/views/reports.view.php
[09-29 19:26:54] [info] [file-save] /opt/lampp/htdocs/weprep/core/controllers/addbilling.controller.php
[09-29 19:26:55] [info] local ➞ remote /opt/lampp/htdocs/weprep/core/controllers/addbilling.controller.php
[09-29 19:34:23] [info] [file-save] /opt/lampp/htdocs/weprep/~/.vscode-root/Workspaces/1568736531420/workspace.json
[09-29 19:34:25] [info] local ➞ remote /opt/lampp/htdocs/weprep/~/.vscode-root/Workspaces/1568736531420/workspace.json
