[09-29 19:35:15] [info] config at /opt/lampp/htdocs/weprep {"remotePath":"/","uploadOnSave":true,"downloadOnOpen":false,"ignore":[],"concurrency":4,"protocol":"ftp","connectTimeout":10000,"interactiveAuth":false,"secure":false,"remoteTimeOffsetInHours":0,"name":"localhost","host":"104.156.59.17","port":21,"username":"******","password":"******"}
[09-29 19:35:58] [info] [file-save] /opt/lampp/htdocs/weprep/core/views/reports.view.php
[09-29 19:36:02] [info] local ➞ remote /opt/lampp/htdocs/weprep/core/views/reports.view.php
[09-29 19:36:20] [info] [file-save] /opt/lampp/htdocs/weprep/core/views/reports.view.php
[09-29 19:36:24] [info] local ➞ remote /opt/lampp/htdocs/weprep/core/views/reports.view.php
[09-29 19:48:28] [info] [file-save] /opt/lampp/htdocs/weprep/lang/spanish.php
[09-29 19:48:30] [info] local ➞ remote /opt/lampp/htdocs/weprep/lang/spanish.php
[09-29 19:48:35] [info] [file-save] /opt/lampp/htdocs/weprep/core/views/reports.view.php
[09-29 19:48:37] [info] local ➞ remote /opt/lampp/htdocs/weprep/core/views/reports.view.php
[09-29 19:48:58] [info] [file-save] /opt/lampp/htdocs/weprep/core/views/reports.view.php
[09-29 19:49:00] [info] local ➞ remote /opt/lampp/htdocs/weprep/core/views/reports.view.php
[09-29 19:49:12] [info] [file-save] /opt/lampp/htdocs/weprep/core/views/reports.view.php
[09-29 19:49:15] [info] local ➞ remote /opt/lampp/htdocs/weprep/core/views/reports.view.php
[09-29 19:49:32] [info] [file-save] /opt/lampp/htdocs/weprep/core/views/reports.view.php
[09-29 19:49:35] [info] local ➞ remote /opt/lampp/htdocs/weprep/core/views/reports.view.php
[09-29 19:52:00] [info] [file-save] /opt/lampp/htdocs/weprep/core/controllers/reports.controller.php
[09-29 19:52:02] [info] local ➞ remote /opt/lampp/htdocs/weprep/core/controllers/reports.controller.php
[09-29 19:52:34] [info] [file-save] /opt/lampp/htdocs/weprep/core/controllers/reports.controller.php
[09-29 19:52:45] [info] [file-save] /opt/lampp/htdocs/weprep/core/controllers/reports.controller.php
[09-29 19:52:51] [info] local ➞ remote /opt/lampp/htdocs/weprep/core/controllers/reports.controller.php
[09-29 19:52:52] [info] local ➞ remote /opt/lampp/htdocs/weprep/core/controllers/reports.controller.php
[09-29 19:54:27] [info] [file-save] /opt/lampp/htdocs/weprep/core/models/reports.model.php
[09-29 19:54:32] [info] local ➞ remote /opt/lampp/htdocs/weprep/core/models/reports.model.php
[09-29 19:55:36] [info] [file-save] /opt/lampp/htdocs/weprep/core/models/reports.model.php
[09-29 19:55:39] [info] local ➞ remote /opt/lampp/htdocs/weprep/core/models/reports.model.php
[09-29 19:56:11] [info] [file-save] /opt/lampp/htdocs/weprep/core/models/reports.model.php
[09-29 19:56:12] [info] local ➞ remote /opt/lampp/htdocs/weprep/core/models/reports.model.php
[09-29 19:56:24] [info] [file-save] /opt/lampp/htdocs/weprep/core/controllers/reports.controller.php
[09-29 19:56:25] [info] local ➞ remote /opt/lampp/htdocs/weprep/core/controllers/reports.controller.php
[09-29 19:57:04] [info] [file-save] /opt/lampp/htdocs/weprep/core/controllers/reports.controller.php
[09-29 19:57:06] [info] local ➞ remote /opt/lampp/htdocs/weprep/core/controllers/reports.controller.php
[09-29 20:07:03] [info] [file-save] /opt/lampp/htdocs/weprep/dataTables/rowgroup/js/dataTables.rowGroup.min.js
[09-29 20:07:05] [info] local ➞ remote /opt/lampp/htdocs/weprep/dataTables/rowgroup/js/dataTables.rowGroup.min.js
[09-29 20:08:47] [info] [file-save] /opt/lampp/htdocs/weprep/index.php
[09-29 20:08:48] [info] local ➞ remote /opt/lampp/htdocs/weprep/index.php
[09-29 20:09:54] [info] [file-save] /opt/lampp/htdocs/weprep/js/reports.js
[09-29 20:09:55] [info] local ➞ remote /opt/lampp/htdocs/weprep/js/reports.js
[09-29 20:10:30] [info] [file-save] /opt/lampp/htdocs/weprep/js/reports.js
[09-29 20:10:35] [info] local ➞ remote /opt/lampp/htdocs/weprep/js/reports.js
[09-29 20:15:38] [info] [file-save] /opt/lampp/htdocs/weprep/js/reports.js
[09-29 20:15:39] [info] local ➞ remote /opt/lampp/htdocs/weprep/js/reports.js
[09-29 20:16:08] [info] [file-save] /opt/lampp/htdocs/weprep/js/reports.js
[09-29 20:16:10] [info] local ➞ remote /opt/lampp/htdocs/weprep/js/reports.js
[09-29 20:17:02] [info] [file-save] /opt/lampp/htdocs/weprep/core/views/reports.view.php
[09-29 20:17:04] [info] local ➞ remote /opt/lampp/htdocs/weprep/core/views/reports.view.php
[09-29 20:18:06] [info] [file-save] /opt/lampp/htdocs/weprep/core/views/reports.view.php
[09-29 20:18:07] [info] local ➞ remote /opt/lampp/htdocs/weprep/core/views/reports.view.php
[09-29 20:18:15] [info] [file-save] /opt/lampp/htdocs/weprep/core/views/reports.view.php
[09-29 20:18:16] [info] local ➞ remote /opt/lampp/htdocs/weprep/core/views/reports.view.php
[09-29 20:19:46] [info] [file-save] /opt/lampp/htdocs/weprep/core/views/reports.view.php
[09-29 20:19:47] [info] local ➞ remote /opt/lampp/htdocs/weprep/core/views/reports.view.php
[09-29 20:20:33] [info] [file-save] /opt/lampp/htdocs/weprep/core/views/reports.view.php
[09-29 20:20:34] [info] local ➞ remote /opt/lampp/htdocs/weprep/core/views/reports.view.php
[09-29 20:28:47] [info] [file-save] /opt/lampp/htdocs/weprep/js/reports.js
[09-29 20:28:48] [info] local ➞ remote /opt/lampp/htdocs/weprep/js/reports.js
[09-29 20:29:00] [info] [file-save] /opt/lampp/htdocs/weprep/js/reports.js
[09-29 20:29:02] [info] local ➞ remote /opt/lampp/htdocs/weprep/js/reports.js
[09-29 20:29:20] [info] [file-save] /opt/lampp/htdocs/weprep/js/reports.js
[09-29 20:29:20] [info] local ➞ remote /opt/lampp/htdocs/weprep/js/reports.js
[09-29 20:29:28] [info] [file-save] /opt/lampp/htdocs/weprep/js/reports.js
[09-29 20:29:29] [info] local ➞ remote /opt/lampp/htdocs/weprep/js/reports.js
[09-29 20:29:57] [info] [file-save] /opt/lampp/htdocs/weprep/js/reports.js
[09-29 20:29:57] [info] local ➞ remote /opt/lampp/htdocs/weprep/js/reports.js
[09-29 20:30:39] [info] [file-save] /opt/lampp/htdocs/weprep/js/reports.js
[09-29 20:30:41] [info] local ➞ remote /opt/lampp/htdocs/weprep/js/reports.js
[09-29 20:30:44] [info] [file-save] /opt/lampp/htdocs/weprep/js/reports.js
[09-29 20:30:46] [info] local ➞ remote /opt/lampp/htdocs/weprep/js/reports.js
[09-29 20:31:21] [info] [file-save] /opt/lampp/htdocs/weprep/js/reports.js
[09-29 20:31:23] [info] local ➞ remote /opt/lampp/htdocs/weprep/js/reports.js
[09-29 20:32:49] [info] [file-save] /opt/lampp/htdocs/weprep/js/reports.js
[09-29 20:32:51] [info] local ➞ remote /opt/lampp/htdocs/weprep/js/reports.js
[09-29 20:34:32] [info] [file-save] /opt/lampp/htdocs/weprep/js/reports.js
[09-29 20:34:34] [info] local ➞ remote /opt/lampp/htdocs/weprep/js/reports.js
[09-29 21:38:22] [info] [file-save] /opt/lampp/htdocs/weprep/js/reports.js
[09-29 21:38:23] [error] Error: connect ENETUNREACH 104.156.59.17:21 - Local (0.0.0.0:0)
	at internalConnect (net.js:884:16)
	at defaultTriggerAsyncIdScope (internal/async_hooks.js:294:19)
	at defaultTriggerAsyncIdScope (net.js:974:9)
	at process._tickCallback (internal/process/next_tick.js:61:11) download /opt/lampp/htdocs/weprep/js/reports.js
[09-29 21:39:36] [info] [file-save] /opt/lampp/htdocs/weprep/js/reports.js
[09-29 21:39:36] [error] Error: connect ENETUNREACH 104.156.59.17:21 - Local (0.0.0.0:0)
	at internalConnect (net.js:884:16)
	at defaultTriggerAsyncIdScope (internal/async_hooks.js:294:19)
	at defaultTriggerAsyncIdScope (net.js:974:9)
	at process._tickCallback (internal/process/next_tick.js:61:11) download /opt/lampp/htdocs/weprep/js/reports.js
[09-29 21:43:09] [info] [file-save] /opt/lampp/htdocs/weprep/js/reports.js
[09-29 21:43:12] [info] local ➞ remote /opt/lampp/htdocs/weprep/js/reports.js
[09-29 21:45:07] [info] [file-save] /opt/lampp/htdocs/weprep/core/views/reports.view.php
[09-29 21:45:09] [info] local ➞ remote /opt/lampp/htdocs/weprep/core/views/reports.view.php
[09-29 21:45:17] [info] [file-save] /opt/lampp/htdocs/weprep/js/reports.js
[09-29 21:45:18] [info] local ➞ remote /opt/lampp/htdocs/weprep/js/reports.js
[09-29 21:46:11] [info] [file-save] /opt/lampp/htdocs/weprep/js/reports.js
[09-29 21:46:13] [info] local ➞ remote /opt/lampp/htdocs/weprep/js/reports.js
[09-29 21:46:15] [info] [file-save] /opt/lampp/htdocs/weprep/core/views/reports.view.php
[09-29 21:46:16] [info] local ➞ remote /opt/lampp/htdocs/weprep/core/views/reports.view.php
[09-29 23:29:36] [info] [file-save] /opt/lampp/htdocs/weprep/js/reports.js
[09-29 23:29:39] [info] local ➞ remote /opt/lampp/htdocs/weprep/js/reports.js
[09-29 23:29:46] [info] [file-save] /opt/lampp/htdocs/weprep/js/reports.js
[09-29 23:29:47] [info] local ➞ remote /opt/lampp/htdocs/weprep/js/reports.js
[09-29 23:34:10] [info] [file-save] /opt/lampp/htdocs/weprep/js/reports.js
[09-29 23:34:11] [info] local ➞ remote /opt/lampp/htdocs/weprep/js/reports.js
[09-29 23:34:14] [info] [file-save] /opt/lampp/htdocs/weprep/js/reports.js
[09-29 23:34:16] [info] local ➞ remote /opt/lampp/htdocs/weprep/js/reports.js
[09-29 23:34:19] [info] [file-save] /opt/lampp/htdocs/weprep/js/reports.js
[09-29 23:34:20] [info] local ➞ remote /opt/lampp/htdocs/weprep/js/reports.js
[09-29 23:36:14] [info] [file-save] /opt/lampp/htdocs/weprep/js/reports.js
[09-29 23:36:16] [info] local ➞ remote /opt/lampp/htdocs/weprep/js/reports.js
[09-29 23:36:28] [info] [file-save] /opt/lampp/htdocs/weprep/js/reports.js
[09-29 23:36:29] [info] local ➞ remote /opt/lampp/htdocs/weprep/js/reports.js
[09-29 23:36:51] [info] [file-save] /opt/lampp/htdocs/weprep/js/reports.js
[09-29 23:36:51] [info] local ➞ remote /opt/lampp/htdocs/weprep/js/reports.js
[09-29 23:38:02] [info] [file-save] /opt/lampp/htdocs/weprep/core/views/reports.view.php
[09-29 23:38:03] [info] local ➞ remote /opt/lampp/htdocs/weprep/core/views/reports.view.php
[09-29 23:40:29] [info] [file-save] /opt/lampp/htdocs/weprep/js/reports.js
[09-29 23:40:30] [info] local ➞ remote /opt/lampp/htdocs/weprep/js/reports.js
[09-29 23:41:30] [info] [file-save] /opt/lampp/htdocs/weprep/js/reports.js
[09-29 23:41:32] [info] local ➞ remote /opt/lampp/htdocs/weprep/js/reports.js
[09-29 23:41:35] [info] [file-save] /opt/lampp/htdocs/weprep/js/reports.js
[09-29 23:41:36] [info] local ➞ remote /opt/lampp/htdocs/weprep/js/reports.js
[09-29 23:41:37] [info] [file-save] /opt/lampp/htdocs/weprep/js/reports.js
[09-29 23:41:38] [info] local ➞ remote /opt/lampp/htdocs/weprep/js/reports.js
[09-29 23:42:39] [info] [file-save] /opt/lampp/htdocs/weprep/js/reports.js
[09-29 23:42:39] [info] local ➞ remote /opt/lampp/htdocs/weprep/js/reports.js
[09-29 23:43:03] [info] [file-save] /opt/lampp/htdocs/weprep/js/reports.js
[09-29 23:43:04] [info] local ➞ remote /opt/lampp/htdocs/weprep/js/reports.js
[09-29 23:44:53] [info] [file-save] /opt/lampp/htdocs/weprep/js/reports.js
[09-29 23:44:56] [info] local ➞ remote /opt/lampp/htdocs/weprep/js/reports.js
[09-29 23:45:43] [info] [file-save] /opt/lampp/htdocs/weprep/js/reports.js
[09-29 23:45:44] [info] local ➞ remote /opt/lampp/htdocs/weprep/js/reports.js
[09-29 23:46:00] [info] [file-save] /opt/lampp/htdocs/weprep/js/reports.js
[09-29 23:46:01] [info] local ➞ remote /opt/lampp/htdocs/weprep/js/reports.js
[09-29 23:46:26] [info] [file-save] /opt/lampp/htdocs/weprep/js/reports.js
[09-29 23:46:27] [info] local ➞ remote /opt/lampp/htdocs/weprep/js/reports.js
[09-29 23:46:44] [info] [file-save] /opt/lampp/htdocs/weprep/js/reports.js
[09-29 23:46:44] [info] local ➞ remote /opt/lampp/htdocs/weprep/js/reports.js
[09-30 00:09:44] [info] [file-save] /opt/lampp/htdocs/weprep/css/general.css
[09-30 00:09:45] [info] local ➞ remote /opt/lampp/htdocs/weprep/css/general.css
[09-30 00:10:44] [info] [file-save] /opt/lampp/htdocs/weprep/css/general.css
[09-30 00:10:45] [info] local ➞ remote /opt/lampp/htdocs/weprep/css/general.css
[09-30 00:24:09] [info] [file-save] /opt/lampp/htdocs/weprep/css/reports.css
[09-30 00:24:09] [info] local ➞ remote /opt/lampp/htdocs/weprep/css/reports.css
[09-30 00:24:26] [info] [file-save] /opt/lampp/htdocs/weprep/css/selling.css
[09-30 00:24:27] [info] local ➞ remote /opt/lampp/htdocs/weprep/css/selling.css
[09-30 00:24:54] [info] [file-save] /opt/lampp/htdocs/weprep/css/adminusers.css
[09-30 00:24:54] [info] local ➞ remote /opt/lampp/htdocs/weprep/css/adminusers.css
[09-30 00:25:09] [info] [file-save] /opt/lampp/htdocs/weprep/css/adminproducts.css
[09-30 00:25:10] [info] local ➞ remote /opt/lampp/htdocs/weprep/css/adminproducts.css
[09-30 00:25:14] [info] [file-save] /opt/lampp/htdocs/weprep/css/admin.css
[09-30 00:25:15] [info] local ➞ remote /opt/lampp/htdocs/weprep/css/admin.css
[09-30 00:25:24] [info] [file-save] /opt/lampp/htdocs/weprep/css/adminclients.css
[09-30 00:25:25] [info] local ➞ remote /opt/lampp/htdocs/weprep/css/adminclients.css
[09-30 00:26:36] [info] [file-save] /opt/lampp/htdocs/weprep/css/general.css
[09-30 00:26:36] [info] local ➞ remote /opt/lampp/htdocs/weprep/css/general.css
[09-30 00:27:25] [info] [file-save] /opt/lampp/htdocs/weprep/css/general.css
[09-30 00:27:26] [info] local ➞ remote /opt/lampp/htdocs/weprep/css/general.css
[09-30 00:41:05] [info] [file-save] /opt/lampp/htdocs/weprep/core/views/selling.view.php
[09-30 00:41:06] [info] local ➞ remote /opt/lampp/htdocs/weprep/core/views/selling.view.php
[09-30 00:42:45] [info] [file-save] /opt/lampp/htdocs/weprep/core/views/selling.view.php
[09-30 00:42:46] [info] local ➞ remote /opt/lampp/htdocs/weprep/core/views/selling.view.php
[09-30 00:43:18] [info] [file-save] /opt/lampp/htdocs/weprep/core/views/selling.view.php
[09-30 00:43:18] [info] local ➞ remote /opt/lampp/htdocs/weprep/core/views/selling.view.php
[09-30 00:43:33] [info] [file-save] /opt/lampp/htdocs/weprep/core/views/selling.view.php
[09-30 00:43:33] [info] local ➞ remote /opt/lampp/htdocs/weprep/core/views/selling.view.php
[09-30 00:43:49] [info] [file-save] /opt/lampp/htdocs/weprep/core/views/selling.view.php
[09-30 00:43:49] [info] local ➞ remote /opt/lampp/htdocs/weprep/core/views/selling.view.php
[09-30 00:44:30] [info] [file-save] /opt/lampp/htdocs/weprep/core/views/selling.view.php
[09-30 00:44:31] [info] local ➞ remote /opt/lampp/htdocs/weprep/core/views/selling.view.php
[09-30 00:44:56] [info] [file-save] /opt/lampp/htdocs/weprep/core/views/selling.view.php
[09-30 00:44:57] [info] local ➞ remote /opt/lampp/htdocs/weprep/core/views/selling.view.php
[09-30 00:45:18] [info] [file-save] /opt/lampp/htdocs/weprep/core/views/selling.view.php
[09-30 00:45:18] [info] local ➞ remote /opt/lampp/htdocs/weprep/core/views/selling.view.php
[09-30 00:45:59] [info] [file-save] /opt/lampp/htdocs/weprep/css/selling.css
[09-30 00:45:59] [info] local ➞ remote /opt/lampp/htdocs/weprep/css/selling.css
[09-30 00:46:21] [info] [file-save] /opt/lampp/htdocs/weprep/css/selling.css
[09-30 00:46:22] [info] local ➞ remote /opt/lampp/htdocs/weprep/css/selling.css
[09-30 00:46:30] [info] [file-save] /opt/lampp/htdocs/weprep/core/views/selling.view.php
[09-30 00:46:31] [info] local ➞ remote /opt/lampp/htdocs/weprep/core/views/selling.view.php
[09-30 00:47:23] [info] [file-save] /opt/lampp/htdocs/weprep/core/views/selling.view.php
[09-30 00:47:23] [info] local ➞ remote /opt/lampp/htdocs/weprep/core/views/selling.view.php
[09-30 00:47:39] [info] [file-save] /opt/lampp/htdocs/weprep/css/selling.css
[09-30 00:47:39] [info] local ➞ remote /opt/lampp/htdocs/weprep/css/selling.css
[09-30 00:48:10] [info] [file-save] /opt/lampp/htdocs/weprep/css/selling.css
[09-30 00:48:11] [info] local ➞ remote /opt/lampp/htdocs/weprep/css/selling.css
[09-30 00:48:47] [info] [file-save] /opt/lampp/htdocs/weprep/core/views/selling.view.php
[09-30 00:48:48] [info] local ➞ remote /opt/lampp/htdocs/weprep/core/views/selling.view.php
[09-30 00:48:52] [info] [file-save] /opt/lampp/htdocs/weprep/core/views/selling.view.php
[09-30 00:48:53] [info] local ➞ remote /opt/lampp/htdocs/weprep/core/views/selling.view.php
[09-30 00:49:02] [info] [file-save] /opt/lampp/htdocs/weprep/core/views/selling.view.php
[09-30 00:49:03] [info] local ➞ remote /opt/lampp/htdocs/weprep/core/views/selling.view.php
[09-30 00:49:08] [info] [file-save] /opt/lampp/htdocs/weprep/core/views/selling.view.php
[09-30 00:49:09] [info] local ➞ remote /opt/lampp/htdocs/weprep/core/views/selling.view.php
[09-30 00:49:13] [info] [file-save] /opt/lampp/htdocs/weprep/core/views/selling.view.php
[09-30 00:49:14] [info] local ➞ remote /opt/lampp/htdocs/weprep/core/views/selling.view.php
[09-30 00:49:18] [info] [file-save] /opt/lampp/htdocs/weprep/core/views/selling.view.php
[09-30 00:49:19] [info] local ➞ remote /opt/lampp/htdocs/weprep/core/views/selling.view.php
[09-30 00:49:21] [info] [file-save] /opt/lampp/htdocs/weprep/core/views/selling.view.php
[09-30 00:49:21] [info] local ➞ remote /opt/lampp/htdocs/weprep/core/views/selling.view.php
[09-30 00:49:52] [info] [file-save] /opt/lampp/htdocs/weprep/core/views/selling.view.php
[09-30 00:49:52] [info] local ➞ remote /opt/lampp/htdocs/weprep/core/views/selling.view.php
[09-30 00:50:04] [info] [file-save] /opt/lampp/htdocs/weprep/core/views/selling.view.php
[09-30 00:50:04] [info] local ➞ remote /opt/lampp/htdocs/weprep/core/views/selling.view.php
[09-30 00:50:18] [info] [file-save] /opt/lampp/htdocs/weprep/core/views/selling.view.php
[09-30 00:50:19] [info] local ➞ remote /opt/lampp/htdocs/weprep/core/views/selling.view.php
[09-30 00:52:09] [info] [file-save] /opt/lampp/htdocs/weprep/css/shoppingCart.css
[09-30 00:52:09] [info] local ➞ remote /opt/lampp/htdocs/weprep/css/shoppingCart.css
[09-30 00:52:24] [info] [file-save] /opt/lampp/htdocs/weprep/css/shoppingCart.css
[09-30 00:52:25] [info] local ➞ remote /opt/lampp/htdocs/weprep/css/shoppingCart.css
[09-30 00:52:40] [info] [file-save] /opt/lampp/htdocs/weprep/css/shoppingCart.css
[09-30 00:52:41] [info] local ➞ remote /opt/lampp/htdocs/weprep/css/shoppingCart.css
[09-30 00:53:04] [info] [file-save] /opt/lampp/htdocs/weprep/css/shoppingCart.css
[09-30 00:53:06] [info] [file-save] /opt/lampp/htdocs/weprep/css/shoppingCart.css
[09-30 00:53:07] [info] local ➞ remote /opt/lampp/htdocs/weprep/css/shoppingCart.css
[09-30 00:53:28] [info] [file-save] /opt/lampp/htdocs/weprep/css/shoppingCart.css
[09-30 00:53:30] [info] local ➞ remote /opt/lampp/htdocs/weprep/css/shoppingCart.css
[09-30 00:54:07] [info] [file-save] /opt/lampp/htdocs/weprep/css/shoppingCart.css
[09-30 00:54:08] [info] local ➞ remote /opt/lampp/htdocs/weprep/css/shoppingCart.css
[09-30 00:55:43] [info] [file-save] /opt/lampp/htdocs/weprep/css/shoppingCart.css
[09-30 00:55:44] [info] local ➞ remote /opt/lampp/htdocs/weprep/css/shoppingCart.css
[09-30 01:03:40] [info] [file-save] /opt/lampp/htdocs/weprep/core/views/selling.view.php
[09-30 01:03:41] [info] local ➞ remote /opt/lampp/htdocs/weprep/core/views/selling.view.php
[09-30 01:06:02] [info] [file-save] /opt/lampp/htdocs/weprep/core/views/selling.view.php
[09-30 01:06:03] [info] local ➞ remote /opt/lampp/htdocs/weprep/core/views/selling.view.php
[09-30 01:06:15] [info] [file-save] /opt/lampp/htdocs/weprep/core/views/selling.view.php
[09-30 01:06:16] [info] local ➞ remote /opt/lampp/htdocs/weprep/core/views/selling.view.php
[09-30 01:06:27] [info] [file-save] /opt/lampp/htdocs/weprep/core/views/selling.view.php
[09-30 01:06:28] [info] local ➞ remote /opt/lampp/htdocs/weprep/core/views/selling.view.php
[09-30 01:06:31] [info] [file-save] /opt/lampp/htdocs/weprep/core/views/selling.view.php
[09-30 01:06:32] [info] local ➞ remote /opt/lampp/htdocs/weprep/core/views/selling.view.php
[09-30 01:06:43] [info] [file-save] /opt/lampp/htdocs/weprep/core/views/selling.view.php
[09-30 01:06:44] [info] local ➞ remote /opt/lampp/htdocs/weprep/core/views/selling.view.php
[09-30 01:07:22] [info] [file-save] /opt/lampp/htdocs/weprep/core/views/selling.view.php
[09-30 01:07:23] [info] local ➞ remote /opt/lampp/htdocs/weprep/core/views/selling.view.php
[09-30 01:07:24] [info] [file-save] /opt/lampp/htdocs/weprep/core/views/selling.view.php
[09-30 01:07:25] [info] local ➞ remote /opt/lampp/htdocs/weprep/core/views/selling.view.php
[09-30 01:07:58] [info] [file-save] /opt/lampp/htdocs/weprep/css/shoppingCart.css
[09-30 01:07:59] [info] local ➞ remote /opt/lampp/htdocs/weprep/css/shoppingCart.css
[09-30 01:08:26] [info] [file-save] /opt/lampp/htdocs/weprep/css/selling.css
[09-30 01:08:26] [info] local ➞ remote /opt/lampp/htdocs/weprep/css/selling.css
[09-30 01:08:40] [info] [file-save] /opt/lampp/htdocs/weprep/css/selling.css
[09-30 01:08:41] [info] local ➞ remote /opt/lampp/htdocs/weprep/css/selling.css
[09-30 01:08:50] [info] [file-save] /opt/lampp/htdocs/weprep/css/selling.css
[09-30 01:08:51] [info] local ➞ remote /opt/lampp/htdocs/weprep/css/selling.css
[09-30 01:22:01] [info] [file-save] /opt/lampp/htdocs/weprep/core/views/selling.view.php
[09-30 01:22:01] [info] local ➞ remote /opt/lampp/htdocs/weprep/core/views/selling.view.php
[09-30 01:26:53] [info] [file-save] /opt/lampp/htdocs/weprep/js/shoppingcart.js
[09-30 01:26:55] [info] local ➞ remote /opt/lampp/htdocs/weprep/js/shoppingcart.js
[09-30 01:27:23] [info] [file-save] /opt/lampp/htdocs/weprep/js/shoppingcart.js
[09-30 01:27:24] [info] local ➞ remote /opt/lampp/htdocs/weprep/js/shoppingcart.js
[09-30 01:28:50] [info] [file-save] /opt/lampp/htdocs/weprep/js/shoppingcart.js
[09-30 01:28:51] [info] local ➞ remote /opt/lampp/htdocs/weprep/js/shoppingcart.js
[09-30 01:30:39] [info] [file-save] /opt/lampp/htdocs/weprep/js/shoppingcart.js
[09-30 01:30:40] [info] local ➞ remote /opt/lampp/htdocs/weprep/js/shoppingcart.js
[09-30 01:31:54] [info] [file-save] /opt/lampp/htdocs/weprep/js/shoppingcart.js
[09-30 01:31:55] [info] local ➞ remote /opt/lampp/htdocs/weprep/js/shoppingcart.js
[09-30 01:32:31] [info] [file-save] /opt/lampp/htdocs/weprep/js/shoppingcart.js
[09-30 01:32:32] [info] local ➞ remote /opt/lampp/htdocs/weprep/js/shoppingcart.js
[09-30 01:32:48] [info] [file-save] /opt/lampp/htdocs/weprep/js/shoppingcart.js
[09-30 01:32:48] [info] local ➞ remote /opt/lampp/htdocs/weprep/js/shoppingcart.js
