[2019-09-17 11:54:31.752] [exthost] [info] extension host started
[2019-09-17 11:54:31.855] [exthost] [info] ExtensionService#_doActivateExtension vscode.debug-auto-launch {"startup":true,"activationEvent":"*"}
[2019-09-17 11:54:31.856] [exthost] [info] ExtensionService#loadCommonJSModule file:///snap/code/14/usr/share/code/resources/app/extensions/debug-auto-launch/dist/extension
[2019-09-17 11:54:31.874] [exthost] [info] ExtensionService#_doActivateExtension vscode.emmet {"startup":true,"activationEvent":"*"}
[2019-09-17 11:54:31.875] [exthost] [info] ExtensionService#loadCommonJSModule file:///snap/code/14/usr/share/code/resources/app/extensions/emmet/dist/extension
[2019-09-17 11:54:32.285] [exthost] [info] ExtensionService#_doActivateExtension vscode.git {"startup":true,"activationEvent":"*"}
[2019-09-17 11:54:32.286] [exthost] [info] ExtensionService#loadCommonJSModule file:///snap/code/14/usr/share/code/resources/app/extensions/git/dist/main
[2019-09-17 11:54:32.865] [exthost] [info] ExtensionService#_doActivateExtension vscode.merge-conflict {"startup":true,"activationEvent":"*"}
[2019-09-17 11:54:32.866] [exthost] [info] ExtensionService#loadCommonJSModule file:///snap/code/14/usr/share/code/resources/app/extensions/merge-conflict/dist/extension
[2019-09-17 11:54:32.895] [exthost] [info] eager extensions activated
[2019-09-17 11:56:49.078] [exthost] [info] extension host started
[2019-09-17 11:56:49.197] [exthost] [info] ExtensionService#_doActivateExtension vscode.debug-auto-launch {"startup":true,"activationEvent":"*"}
[2019-09-17 11:56:49.197] [exthost] [info] ExtensionService#loadCommonJSModule file:///snap/code/14/usr/share/code/resources/app/extensions/debug-auto-launch/dist/extension
[2019-09-17 11:56:49.230] [exthost] [info] ExtensionService#_doActivateExtension vscode.emmet {"startup":true,"activationEvent":"*"}
[2019-09-17 11:56:49.231] [exthost] [info] ExtensionService#loadCommonJSModule file:///snap/code/14/usr/share/code/resources/app/extensions/emmet/dist/extension
[2019-09-17 11:56:49.866] [exthost] [info] ExtensionService#_doActivateExtension vscode.git {"startup":true,"activationEvent":"*"}
[2019-09-17 11:56:49.867] [exthost] [info] ExtensionService#loadCommonJSModule file:///snap/code/14/usr/share/code/resources/app/extensions/git/dist/main
[2019-09-17 11:56:50.805] [exthost] [info] ExtensionService#_doActivateExtension vscode.merge-conflict {"startup":true,"activationEvent":"*"}
[2019-09-17 11:56:50.805] [exthost] [info] ExtensionService#loadCommonJSModule file:///snap/code/14/usr/share/code/resources/app/extensions/merge-conflict/dist/extension
[2019-09-17 11:56:50.839] [exthost] [info] ExtensionService#_doActivateExtension liximomo.sftp {"startup":true,"activationEvent":"workspaceContains:.vscode/sftp.json"}
[2019-09-17 11:56:50.839] [exthost] [info] ExtensionService#loadCommonJSModule file:///home/yorki/.vscode/extensions/liximomo.sftp-1.12.8/dist/extension
[2019-09-17 11:56:52.833] [exthost] [info] eager extensions activated
[2019-09-17 11:56:59.100] [exthost] [info] ExtensionService#_doActivateExtension vscode.php-language-features {"startup":false,"activationEvent":"onLanguage:php"}
[2019-09-17 11:56:59.100] [exthost] [info] ExtensionService#loadCommonJSModule file:///snap/code/14/usr/share/code/resources/app/extensions/php-language-features/dist/phpMain
[2019-09-17 12:08:51.114] [exthost] [info] ExtensionService#_doActivateExtension vscode.configuration-editing {"startup":false,"activationEvent":"onLanguage:json"}
[2019-09-17 12:08:51.116] [exthost] [info] ExtensionService#loadCommonJSModule file:///snap/code/14/usr/share/code/resources/app/extensions/configuration-editing/dist/extension
[2019-09-17 12:08:51.191] [exthost] [info] ExtensionService#_doActivateExtension vscode.extension-editing {"startup":false,"activationEvent":"onLanguage:json"}
[2019-09-17 12:08:51.192] [exthost] [info] ExtensionService#loadCommonJSModule file:///snap/code/14/usr/share/code/resources/app/extensions/extension-editing/dist/extension
[2019-09-17 12:08:51.800] [exthost] [info] ExtensionService#_doActivateExtension vscode.json-language-features {"startup":false,"activationEvent":"onLanguage:json"}
[2019-09-17 12:08:51.801] [exthost] [info] ExtensionService#loadCommonJSModule file:///snap/code/14/usr/share/code/resources/app/extensions/json-language-features/client/dist/jsonMain
[2019-09-17 12:08:52.418] [exthost] [info] ExtensionService#_doActivateExtension vscode.npm {"startup":false,"activationEvent":"onLanguage:json"}
[2019-09-17 12:08:52.418] [exthost] [info] ExtensionService#loadCommonJSModule file:///snap/code/14/usr/share/code/resources/app/extensions/npm/dist/main
[2019-09-17 12:08:58.557] [exthost] [info] extension host started
[2019-09-17 12:08:58.601] [exthost] [info] ExtensionService#_doActivateExtension vscode.php-language-features {"startup":false,"activationEvent":"onLanguage:php"}
[2019-09-17 12:08:58.602] [exthost] [info] ExtensionService#loadCommonJSModule file:///snap/code/14/usr/share/code/resources/app/extensions/php-language-features/dist/phpMain
[2019-09-17 12:08:58.674] [exthost] [info] ExtensionService#_doActivateExtension vscode.configuration-editing {"startup":false,"activationEvent":"onLanguage:json"}
[2019-09-17 12:08:58.674] [exthost] [info] ExtensionService#loadCommonJSModule file:///snap/code/14/usr/share/code/resources/app/extensions/configuration-editing/dist/extension
[2019-09-17 12:08:58.711] [exthost] [info] ExtensionService#_doActivateExtension vscode.extension-editing {"startup":false,"activationEvent":"onLanguage:json"}
[2019-09-17 12:08:58.711] [exthost] [info] ExtensionService#loadCommonJSModule file:///snap/code/14/usr/share/code/resources/app/extensions/extension-editing/dist/extension
[2019-09-17 12:08:58.904] [exthost] [info] ExtensionService#_doActivateExtension vscode.json-language-features {"startup":false,"activationEvent":"onLanguage:json"}
[2019-09-17 12:08:58.905] [exthost] [info] ExtensionService#loadCommonJSModule file:///snap/code/14/usr/share/code/resources/app/extensions/json-language-features/client/dist/jsonMain
[2019-09-17 12:08:59.293] [exthost] [info] ExtensionService#_doActivateExtension vscode.npm {"startup":false,"activationEvent":"onLanguage:json"}
[2019-09-17 12:08:59.294] [exthost] [info] ExtensionService#loadCommonJSModule file:///snap/code/14/usr/share/code/resources/app/extensions/npm/dist/main
[2019-09-17 12:08:59.385] [exthost] [info] ExtensionService#_doActivateExtension vscode.debug-auto-launch {"startup":true,"activationEvent":"*"}
[2019-09-17 12:08:59.386] [exthost] [info] ExtensionService#loadCommonJSModule file:///snap/code/14/usr/share/code/resources/app/extensions/debug-auto-launch/dist/extension
[2019-09-17 12:08:59.402] [exthost] [info] ExtensionService#_doActivateExtension vscode.emmet {"startup":true,"activationEvent":"*"}
[2019-09-17 12:08:59.403] [exthost] [info] ExtensionService#loadCommonJSModule file:///snap/code/14/usr/share/code/resources/app/extensions/emmet/dist/extension
[2019-09-17 12:08:59.636] [exthost] [info] ExtensionService#_doActivateExtension vscode.git {"startup":true,"activationEvent":"*"}
[2019-09-17 12:08:59.637] [exthost] [info] ExtensionService#loadCommonJSModule file:///snap/code/14/usr/share/code/resources/app/extensions/git/dist/main
[2019-09-17 12:09:00.094] [exthost] [info] ExtensionService#_doActivateExtension vscode.merge-conflict {"startup":true,"activationEvent":"*"}
[2019-09-17 12:09:00.095] [exthost] [info] ExtensionService#loadCommonJSModule file:///snap/code/14/usr/share/code/resources/app/extensions/merge-conflict/dist/extension
[2019-09-17 12:09:00.128] [exthost] [info] ExtensionService#_doActivateExtension liximomo.sftp {"startup":true,"activationEvent":"workspaceContains:.vscode/sftp.json"}
[2019-09-17 12:09:00.129] [exthost] [info] ExtensionService#loadCommonJSModule file:///home/yorki/.vscode/extensions/liximomo.sftp-1.12.8/dist/extension
[2019-09-17 12:09:01.456] [exthost] [info] eager extensions activated
[2019-09-17 12:12:03.514] [exthost] [info] ExtensionService#_doActivateExtension vscode.typescript-language-features {"startup":false,"activationEvent":"onLanguage:javascript"}
[2019-09-17 12:12:03.514] [exthost] [info] ExtensionService#loadCommonJSModule file:///snap/code/14/usr/share/code/resources/app/extensions/typescript-language-features/dist/extension
[2019-09-17 12:13:30.918] [exthost] [info] ExtensionService#_doActivateExtension vscode.html-language-features {"startup":false,"activationEvent":"onLanguage:html"}
[2019-09-17 12:13:30.918] [exthost] [info] ExtensionService#loadCommonJSModule file:///snap/code/14/usr/share/code/resources/app/extensions/html-language-features/client/dist/htmlMain
[2019-09-17 12:20:59.939] [exthost] [info] ExtensionService#_doActivateExtension vscode.css-language-features {"startup":false,"activationEvent":"onLanguage:css"}
[2019-09-17 12:20:59.940] [exthost] [info] ExtensionService#loadCommonJSModule file:///snap/code/14/usr/share/code/resources/app/extensions/css-language-features/client/dist/cssMain
