[2019-09-29 18:52:20.159] [exthost] [info] extension host started
[2019-09-29 18:52:20.470] [exthost] [info] ExtensionService#_doActivateExtension vscode.css-language-features {"startup":false,"activationEvent":"onLanguage:css"}
[2019-09-29 18:52:20.471] [exthost] [info] ExtensionService#loadCommonJSModule file:///snap/code/15/usr/share/code/resources/app/extensions/css-language-features/client/dist/cssMain
[2019-09-29 18:52:20.742] [exthost] [info] ExtensionService#_doActivateExtension vscode.emmet {"startup":false,"activationEvent":"onLanguage:css"}
[2019-09-29 18:52:20.742] [exthost] [info] ExtensionService#loadCommonJSModule file:///snap/code/15/usr/share/code/resources/app/extensions/emmet/dist/extension
[2019-09-29 18:52:21.409] [exthost] [info] ExtensionService#_doActivateExtension vscode.debug-auto-launch {"startup":true,"activationEvent":"*"}
[2019-09-29 18:52:21.415] [exthost] [info] ExtensionService#loadCommonJSModule file:///snap/code/15/usr/share/code/resources/app/extensions/debug-auto-launch/dist/extension
[2019-09-29 18:52:21.453] [exthost] [info] ExtensionService#_doActivateExtension vscode.git {"startup":true,"activationEvent":"*"}
[2019-09-29 18:52:21.453] [exthost] [info] ExtensionService#loadCommonJSModule file:///snap/code/15/usr/share/code/resources/app/extensions/git/dist/main
[2019-09-29 18:52:22.461] [exthost] [info] ExtensionService#_doActivateExtension vscode.merge-conflict {"startup":true,"activationEvent":"*"}
[2019-09-29 18:52:22.472] [exthost] [info] ExtensionService#loadCommonJSModule file:///snap/code/15/usr/share/code/resources/app/extensions/merge-conflict/dist/extension
[2019-09-29 18:52:22.535] [exthost] [info] ExtensionService#_doActivateExtension liximomo.sftp {"startup":true,"activationEvent":"workspaceContains:.vscode/sftp.json"}
[2019-09-29 18:52:22.536] [exthost] [info] ExtensionService#loadCommonJSModule file:///home/yorki/.vscode/extensions/liximomo.sftp-1.12.9/dist/extension
[2019-09-29 18:52:24.546] [exthost] [info] eager extensions activated
[2019-09-29 18:55:04.937] [exthost] [info] ExtensionService#_doActivateExtension vscode.php-language-features {"startup":false,"activationEvent":"onLanguage:php"}
[2019-09-29 18:55:04.938] [exthost] [info] ExtensionService#loadCommonJSModule file:///snap/code/15/usr/share/code/resources/app/extensions/php-language-features/dist/phpMain
[2019-09-29 19:00:52.805] [exthost] [info] ExtensionService#_doActivateExtension vscode.html-language-features {"startup":false,"activationEvent":"onLanguage:html"}
[2019-09-29 19:00:52.812] [exthost] [info] ExtensionService#loadCommonJSModule file:///snap/code/15/usr/share/code/resources/app/extensions/html-language-features/client/dist/htmlMain
[2019-09-29 19:34:20.602] [exthost] [info] ExtensionService#_doActivateExtension vscode.configuration-editing {"startup":false,"activationEvent":"onLanguage:json"}
[2019-09-29 19:34:20.603] [exthost] [info] ExtensionService#loadCommonJSModule file:///snap/code/15/usr/share/code/resources/app/extensions/configuration-editing/dist/extension
[2019-09-29 19:34:20.742] [exthost] [info] ExtensionService#_doActivateExtension vscode.extension-editing {"startup":false,"activationEvent":"onLanguage:json"}
[2019-09-29 19:34:20.743] [exthost] [info] ExtensionService#loadCommonJSModule file:///snap/code/15/usr/share/code/resources/app/extensions/extension-editing/dist/extension
[2019-09-29 19:34:21.424] [exthost] [info] ExtensionService#_doActivateExtension vscode.json-language-features {"startup":false,"activationEvent":"onLanguage:json"}
[2019-09-29 19:34:21.433] [exthost] [info] ExtensionService#loadCommonJSModule file:///snap/code/15/usr/share/code/resources/app/extensions/json-language-features/client/dist/jsonMain
[2019-09-29 19:34:22.166] [exthost] [info] ExtensionService#_doActivateExtension vscode.npm {"startup":false,"activationEvent":"onLanguage:json"}
[2019-09-29 19:34:22.166] [exthost] [info] ExtensionService#loadCommonJSModule file:///snap/code/15/usr/share/code/resources/app/extensions/npm/dist/main
[2019-09-29 19:35:11.018] [exthost] [info] extension host started
[2019-09-29 19:35:11.150] [exthost] [info] ExtensionService#_doActivateExtension vscode.css-language-features {"startup":false,"activationEvent":"onLanguage:css"}
[2019-09-29 19:35:11.151] [exthost] [info] ExtensionService#loadCommonJSModule file:///snap/code/15/usr/share/code/resources/app/extensions/css-language-features/client/dist/cssMain
[2019-09-29 19:35:11.412] [exthost] [info] ExtensionService#_doActivateExtension vscode.emmet {"startup":false,"activationEvent":"onLanguage:css"}
[2019-09-29 19:35:11.412] [exthost] [info] ExtensionService#loadCommonJSModule file:///snap/code/15/usr/share/code/resources/app/extensions/emmet/dist/extension
[2019-09-29 19:35:11.655] [exthost] [info] ExtensionService#_doActivateExtension vscode.php-language-features {"startup":false,"activationEvent":"onLanguage:php"}
[2019-09-29 19:35:11.655] [exthost] [info] ExtensionService#loadCommonJSModule file:///snap/code/15/usr/share/code/resources/app/extensions/php-language-features/dist/phpMain
[2019-09-29 19:35:11.716] [exthost] [info] ExtensionService#_doActivateExtension vscode.html-language-features {"startup":false,"activationEvent":"onLanguage:html"}
[2019-09-29 19:35:11.717] [exthost] [info] ExtensionService#loadCommonJSModule file:///snap/code/15/usr/share/code/resources/app/extensions/html-language-features/client/dist/htmlMain
[2019-09-29 19:35:12.030] [exthost] [info] ExtensionService#_doActivateExtension vscode.configuration-editing {"startup":false,"activationEvent":"onLanguage:json"}
[2019-09-29 19:35:12.031] [exthost] [info] ExtensionService#loadCommonJSModule file:///snap/code/15/usr/share/code/resources/app/extensions/configuration-editing/dist/extension
[2019-09-29 19:35:12.064] [exthost] [info] ExtensionService#_doActivateExtension vscode.extension-editing {"startup":false,"activationEvent":"onLanguage:json"}
[2019-09-29 19:35:12.064] [exthost] [info] ExtensionService#loadCommonJSModule file:///snap/code/15/usr/share/code/resources/app/extensions/extension-editing/dist/extension
[2019-09-29 19:35:12.289] [exthost] [info] ExtensionService#_doActivateExtension vscode.json-language-features {"startup":false,"activationEvent":"onLanguage:json"}
[2019-09-29 19:35:12.290] [exthost] [info] ExtensionService#loadCommonJSModule file:///snap/code/15/usr/share/code/resources/app/extensions/json-language-features/client/dist/jsonMain
[2019-09-29 19:35:12.657] [exthost] [info] ExtensionService#_doActivateExtension vscode.npm {"startup":false,"activationEvent":"onLanguage:json"}
[2019-09-29 19:35:12.658] [exthost] [info] ExtensionService#loadCommonJSModule file:///snap/code/15/usr/share/code/resources/app/extensions/npm/dist/main
[2019-09-29 19:35:12.752] [exthost] [info] ExtensionService#_doActivateExtension vscode.debug-auto-launch {"startup":true,"activationEvent":"*"}
[2019-09-29 19:35:12.753] [exthost] [info] ExtensionService#loadCommonJSModule file:///snap/code/15/usr/share/code/resources/app/extensions/debug-auto-launch/dist/extension
[2019-09-29 19:35:12.766] [exthost] [info] ExtensionService#_doActivateExtension vscode.git {"startup":true,"activationEvent":"*"}
[2019-09-29 19:35:12.766] [exthost] [info] ExtensionService#loadCommonJSModule file:///snap/code/15/usr/share/code/resources/app/extensions/git/dist/main
[2019-09-29 19:35:13.363] [exthost] [info] ExtensionService#_doActivateExtension vscode.merge-conflict {"startup":true,"activationEvent":"*"}
[2019-09-29 19:35:13.363] [exthost] [info] ExtensionService#loadCommonJSModule file:///snap/code/15/usr/share/code/resources/app/extensions/merge-conflict/dist/extension
[2019-09-29 19:35:13.406] [exthost] [info] ExtensionService#_doActivateExtension liximomo.sftp {"startup":true,"activationEvent":"workspaceContains:.vscode/sftp.json"}
[2019-09-29 19:35:13.406] [exthost] [info] ExtensionService#loadCommonJSModule file:///home/yorki/.vscode/extensions/liximomo.sftp-1.12.9/dist/extension
[2019-09-29 19:35:15.935] [exthost] [info] eager extensions activated
[2019-09-29 20:06:22.901] [exthost] [info] ExtensionService#_doActivateExtension vscode.typescript-language-features {"startup":false,"activationEvent":"onLanguage:javascript"}
[2019-09-29 20:06:22.901] [exthost] [info] ExtensionService#loadCommonJSModule file:///snap/code/15/usr/share/code/resources/app/extensions/typescript-language-features/dist/extension
